1
 
 
 
 
                      Warning: This computer program is protected by copyright law and international treaties.       
                  Unauthorized use, reproduction or distribution of this computer program, or any portion of it, may 
                                          result in severe civil and criminal penalties.                             
                         Copyright (C) 2017 MSC Software Corporation and its licensors. All rights reserved.         
 
 
                                              * * * * * * * * * * * * * * * * * * * *
                                              * * * * * * * * * * * * * * * * * * * *
                                              * *                                 * *
                                              * *           MSC Software          * *
                                              * *               CORP              * *
                                              * *                                 * *
                                              * *      M S C   N a s t r a n      * *
                                              * *                                 * *
                                              * *                                 * *
                                              * *                                 * *
                                              * *     Version 2018.1.0-CL553137   * *
                                              * *                                 * *
                                              * *                                 * *
                                              * *                                 * *
                                              * *          MAR 11, 2018           * *
                                              * *                                 * *
                                              * *               AMD               * *
                                              * *MODEL AMD FX(tm)-8350 Eight-Core * *
                                              * * Windows 10 Enterprise 6.2 9200  * *
                                              * * Compiled for 8664 (SINGLE Mode) * *
                                              * *                                 * *
                                              * * * * * * * * * * * * * * * * * * * *
                                              * * * * * * * * * * * * * * * * * * * *
1News file - (March 2, 2018)
  
               Welcome to MSC Nastran 2018.1
  
  
   Details of the new capabilities can be found in the MSC Nastran 2018
     Release Guide available online in the installation documentation
     sub-directory.
   Additional information can be found at the MSC Nastran Product Support page:
  
      http://simcompanion.mscsoftware.com
  
  
   The support page provides links to these valuable information:
      * A searchable Knowledge Base containing examples and answers to thousands
        of frequently asked questions written by MSC Software subject-matter
        experts.
      * Peer-to-peer Discussion Forums enabling you to post questions for your
        MSC Software products and receive answers from other users worldwide.
      * A list of known issues with the product and any workarounds.
      * Instructions on how to contact technical support
      * A mechanism for sending us product feedback or enhancement requests.
      * Hardware and software requirements.
      * Examples and Tutorials
      * and much more.
  
   For information on training, please visit our Training web site
  
      http://www.mscsoftware.com/Contents/Services/Training/
  
   MSC Nastran brings powerful new features and enhancements for engineering
   solutions.
  
     -  The purpose of this release is to sync MSC Nastran 2018.1
        with Patran 2018.0 release for improved compatibility
  
     Dynamics
     -  Structural and Fluid Material property specification can now be
        frequency dependent.
     -  Anisotropic structural damping can be defined for composite
        materials. Restriction removed that damping is proportional to
        stiffness.
     -  Spatial definition of property and material available now.
  
     Linear Buckling
     -  Linear Buckling with local exclusion of differential stiffness in SOL
        105.
  
     Rotordynamics
     -  Enhanced Mode-Tracking for Campbell Diagrams. Two new methods
1       introduced: Numerical Slope-Continuity and Eigenvector-Based.
     -  Rotors can now be included in upstream Part Superelements for
        both single and multi-level assemblies.
     -  Support for definition of CBUSH element cross-coupling terms.
  
     Multiple-Mass Configuration
     -  Easy definition and analysis of multiple mass cases in a single run.
        Supported in SOL 101, 103, 107/110, 108/111, 109/112, 144, 145, 146,
        200 and 400 solution sequences.
  
     Optimization
     -  Shell stress constraints can now be defined for Topology Optimization.
  
     Assembly
     -  New modules that can assemble multiple Bulk Data sections to form a
        single MSC Nastran input file. Modules are analogous to part
        superelements without reduction and are supported in SOL 101 - 112.
  
     Implicit Nonlinear Analysis - SOL 400
     -  GPFORCE Output with Contact
     -  Automatic Contact Generation
     -  External Superelements Creation, Assembly and Data Recovery
     -  CFAST Fastener element enabled to FUSE based on load criteria.
  
     Explicit Nonlinear Analysis - SOL 700
     -  Automated Coupling Surfaces
     -  New SOL 700 Dytran, Dytran under Nastran
  
     HPC
     -  Improved performance and scalability for the New ACMS method
     -  New MPYAD with better parallel performance and better method
        selection.
     -  New command line option, solve=auto and cpumax=N, to automatically
        choose optimal solver and parallel options based on hardware and
        the model.
  
     Results HDF5 Database
     -  Additional data blocks have been added to the HDF5 file: OEFTGV,
        OMONPNT, TOMVAR, TOPVAR, R1TABRD, HISADD, RESP12, WETFACES, META,
        OFCRFM, EPTFSP, MPTFSP, TRNUORD, and UHT, as well as modal and
        Rotordynamic matrices.
  
     Documentation
  
     The complete documentation set is provided in a separate installer and
     when installed is available at:
     MSC_DOC_DIR/doc/pdf_nastran directory.
     Where MSC_DOC_DIR is the directory where documentation was installed
     This help set has cross references between documents, links to how-to
     videos, and example files.
1 
     Individual MSC Nastran documents are available for download from the
       Simcompanion Website at:
       http://simcompanion.mscsoftware.com/
  
     These documents were updated for the MSC Nastran 2018.0 Release
  
         1.  MSC Nastran 2018.0 Installation and Operations Guide
         2.  MSC Nastran 2018.0 Quick Reference Guide
         3.  MSC Nastran 2018.0 Release Guide
         4.  MSC Nastran 2018.0 Linear Statics Analysis User's Guide
         5.  MSC Nastran 2018.0 Dynamic Analysis User's Guide
         6.  MSC Nastran 2018.0 Superelements User's Guide
         7.  MSC Nastran 2018.0 Rotordynamics User's Guide
         8.  MSC Nastran 2018.0 Demonstration Problems Manual
         9.  MSC Nastran 2018.0 Nastran Embedded Fatigue User's Guide
        10.  MSC Nastran 2018.0 Design Sensitivity and Optimization
        11.  MSC Nastran 2018.0 Nonlinear User's Guide SOL 400
        12.  MSC Nastran 2018.0 DMAP Programmer's Guide
        13.  MSC Nastran 2018.0 High Performance Computing User's Guide
  
  
  
    Please refer to:
  
    MSC_DOC_DIR/doc/pdf_nastran/nastran_library.pdf
  
1                                                                               MAY  15, 2022  MSC Nastran  3/11/18   PAGE     1
                                                                                                                                    
0        N A S T R A N    F I L E    A N D    S Y S T E M    P A R A M E T E R    E C H O                                           
0                                                                                                                                   
                                                                                                                                    
                                                                                                                                    
     $ SYSFIELD=SCR*(RAW=YES,BUFFIO=YES,WNUM=16,WSIZE=16MB) $(C:/MSC.SOFTWARE/MSC_NAS
     $ SYSFIELD=DBALL(RAW=YES,BUFFIO=YES,WNUM=16,WSIZE=16MB) $(C:/MSC.SOFTWARE/MSC_NA
     NASTRAN BUFFSIZE=8193 $(C:/MSC.SOFTWARE/MSC_NASTRAN/20181/CONF/NAST20181.RCF[6])
     $PYNASTRAN: VERSION=MSC                                                         
     $PYNASTRAN: PUNCH=FALSE                                                         
     $PYNASTRAN: ENCODING=UTF-8                                                      
     $PYNASTRAN: NNODES=27                                                           
     $PYNASTRAN: NELEMENTS=24                                                        
     $EXECUTIVE CONTROL DECK                                                         
1                                                                               MAY  15, 2022  MSC Nastran  3/11/18   PAGE     2
                                                                                                                                    
0        N A S T R A N    E X E C U T I V E    C O N T R O L    E C H O                                                             
0                                                                                                                                   
                                                                                                                                    
                                                                                                                                    
     SOL 103                                                                                 
     CEND                                                                                    
1                                                                               MAY  15, 2022  MSC Nastran  3/11/18   PAGE     3
                                                                                                                                    
0                                                                                                                                   
0                                        C A S E    C O N T R O L    E C H O                                                        
                 COMMAND                                                                                                            
                 COUNT                                                                                                              
                  1      $CASE CONTROL DECK                                                                      
                  2      SUBCASE 1                                                                               
                  3          SET 99 = 1 THRU 10                                                                  
                  4          DISPLACEMENT(SORT1,PUNCH, REAL) = ALL                                               
                  5          MEFFMASS(ALL) = YES                                                                 
                  6          METHOD = 10                                                                         
                  7          SPC = 50                                                                            
                  8          SPCFORCES(SORT1, REAL) = ALL                                                        
                  9          SUBTITLE = DEFAULT                                                                  
                 10      BEGIN BULK                                                                              
1                                                                               MAY  15, 2022  MSC Nastran  3/11/18   PAGE     4
                                                                                                                                    
0                                                                                                                                   
                                              I N P U T   B U L K   D A T A   E C H O                                               
                 ENTRY                                                                                                              
                 COUNT        .   1  ..   2  ..   3  ..   4  ..   5  ..   6  ..   7  ..   8  ..   9  ..  10  .                      
 *** USER INFORMATION MESSAGE 9991 (SDLWIF)
     Messages are being generated at include level 0.
     File: c:/users/student_sla/desktop/k_kwon_aeroelastik/sol103_strip.bdf
 *** USER WARNING MESSAGE 9994 (BULFUN)
     MAT1 with MID=1 near line 103
     User information:  Material has unreasonable or inconsistent values of E, G or NU.
1                                                                               MAY  15, 2022  MSC Nastran  3/11/18   PAGE     5
                                                                                                                                    
0                                                                                                                                   
                                                  S O R T E D   B U L K   D A T A   E C H O                                         
                 ENTRY                                                                                                              
                 COUNT        .   1  ..   2  ..   3  ..   4  ..   5  ..   6  ..   7  ..   8  ..   9  ..  10  .                      
                    1-        CBEAM   1       1       1       2       100
                    2-        CBEAM   2       2       2       3       100
                    3-        CBEAM   3       3       3       4       100
                    4-        CBEAM   4       4       4       5       100
                    5-        CBEAM   5       5       5       6       100
                    6-        CBEAM   6       6       6       7       100
                    7-        CBEAM   7       7       7       8       100
                    8-        CBEAM   8       8       8       9       100
                    9-        CBEAM   9       9       9       10      100
                   10-        CBEAM   10      10      10      11      100
                   11-        CBEAM   11      11      11      12      100
                   12-        CBEAM   12      12      12      13      100
                   13-        CBEAM   13      13      13      14      100
                   14-        CBEAM   14      14      14      15      100
                   15-        CBEAM   15      15      15      16      100
                   16-        CBEAM   16      16      16      17      100
                   17-        CBEAM   17      17      17      18      100
                   18-        CBEAM   18      18      18      19      100
                   19-        CBEAM   19      19      19      20      100
                   20-        CBEAM   20      20      20      21      100
                   21-        CBEAM   21      21      21      22      100
                   22-        CBEAM   22      22      22      23      100
                   23-        CBEAM   23      23      23      24      100
                   24-        CBEAM   24      24      24      25      100
                   25-        CONM2   10001   1               .0140016
                   26-        CONM2   10002   2               .0248466
                   27-        CONM2   10003   3               .0254698
                   28-        CONM2   10004   4               .019069
                   29-        CONM2   10005   5               .0179648
                   30-        CONM2   10006   6               .0169479
                   31-        CONM2   10007   7               .0160897
                   32-        CONM2   10008   8               .0446185
                   33-        CONM2   10009   9               .0165717
                   34-        CONM2   10010   10              .012979
                   35-        CONM2   10011   11              .0121026
                   36-        CONM2   10012   12              .0112624
                   37-        CONM2   10013   13              .0104526
                   38-        CONM2   10014   14              .0096748
                   39-        CONM2   10015   15              .0089338
                   40-        CONM2   10016   16              .0082551
                   41-        CONM2   10017   17              .0077097
                   42-        CONM2   10018   18              .0071939
                   43-        CONM2   10019   19              .0067326
                   44-        CONM2   10020   20              .006314
                   45-        CONM2   10021   21              .0059048
1                                                                               MAY  15, 2022  MSC Nastran  3/11/18   PAGE     6
                                                                                                                                    
0                                                                                                                                   
                                                  S O R T E D   B U L K   D A T A   E C H O                                         
                 ENTRY                                                                                                              
                 COUNT        .   1  ..   2  ..   3  ..   4  ..   5  ..   6  ..   7  ..   8  ..   9  ..  10  .                      
                   46-        CONM2   10022   22              .0055018
                   47-        CONM2   10023   23              .0050511
                   48-        CONM2   10024   24              .0046191
                   49-        CONM2   10025   25              .0022931
                   50-        CONM2   10100   100             .3344
                   51-        CONM2   10101   101             .1368
                   52-        EIGRL   10                      10
                   53-        GRID    1               1299.18 0.      0.
                   54-        GRID    2               1299.18 416.46950.
                   55-        GRID    3               1299.18 832.939 0.
                   56-        GRID    4               1299.1321191.8760.
                   57-        GRID    5               1299.0831550.8120.
                   58-        GRID    6               1299.0351909.7490.
                   59-        GRID    7               1298.9862268.6850.
                   60-        GRID    8               1298.9382627.6220.
                   61-        GRID    9               1298.8723117.0810.
                   62-        GRID    10              1283.52 3459.9480.
                   63-        GRID    11              1268.1683802.8140.
                   64-        GRID    12              1252.8164145.6810.
                   65-        GRID    13              1237.4644488.5480.
                   66-        GRID    14              1222.1124831.4140.
                   67-        GRID    15              1206.76 5174.2810.
                   68-        GRID    16              1191.4095517.1480.
                   69-        GRID    17              1176.0575860.0140.
                   70-        GRID    18              1160.7056202.8810.
                   71-        GRID    19              1145.3536545.7470.
                   72-        GRID    20              1130.0016888.6140.
                   73-        GRID    21              1114.6497231.4810.
                   74-        GRID    22              1099.2977574.3470.
                   75-        GRID    23              1083.9457917.2140.
                   76-        GRID    24              1068.95 8252.1070.
                   77-        GRID    25              1053.9558587.   0.
                   78-        GRID    100             -234.5  2627.6  0.
                   79-        GRID    101             748.5   2627.6  0.
                   80-        MAT1    1       72397.  27000.  .32     1E-16
                   81-        PARAM   OMODES  ALL
                   82-        PARAM   POST    -1
                   83-        PARAM   PRTMAXIMYES
                   84-        PARAM   WTMASS  1.
                   85-        PBEAM   1       1       12157.813.3191+81.1003+9        6.097+8
                   86-        PBEAM   2       1       10738.442.9213+89.8081+8        5.518+8
                   87-        PBEAM   3       1       9486.4862.5667+88.7046+8        4.918+8
                   88-        PBEAM   4       1       8417.4692.2568+87.7462+8        4.3755+8
                   89-        PBEAM   5       1       7433.9961.9754+86.8569+8        3.8683+8
                   90-        PBEAM   6       1       6556.1821.7291+86.0491+8        3.4+8
1                                                                               MAY  15, 2022  MSC Nastran  3/11/18   PAGE     7
                                                                                                                                    
0                                                                                                                                   
                                                  S O R T E D   B U L K   D A T A   E C H O                                         
                 ENTRY                                                                                                              
                 COUNT        .   1  ..   2  ..   3  ..   4  ..   5  ..   6  ..   7  ..   8  ..   9  ..  10  .                      
                   91-        PBEAM   7       1       6015.5551.5958+85.5232+8        3.1048+8
                   92-        PBEAM   8       1       5311.2151.3885+85.0285+8        2.8939+8
                   93-        PBEAM   9       1       4495.5761.0952+84.2814+8        2.4931+8
                   94-        PBEAM   10      1       3988.3138.803+7 3.5444+8        2.0176+8
                   95-        PBEAM   11      1       3517.3236.9824+72.9251+8        1.6274+8
                   96-        PBEAM   12      1       3072.4265.4489+72.3905+8        1.2966+8
                   97-        PBEAM   13      1       2651.9584.1722+71.9272+8        1.0141+8
                   98-        PBEAM   14      1       2259.0933.1267+71.5308+8        7.7619+7
                   99-        PBEAM   15      1       1906.9412.2916+71.2116+8        5.8391+7
                  100-        PBEAM   16      1       1658.0271.7299+79.86+7          4.5156+7
                  101-        PBEAM   17      1       1488.02 1.3578+78.1925+7        3.6163+7
                  102-        PBEAM   18      1       1350.3131.0658+76.829+7         2.8883+7
                  103-        PBEAM   19      1       1260.4358542308.5.7795+7        2.3465+7
                  104-        PBEAM   20      1       1190.88 6883323.4.9066+7        1.9176+7
                  105-        PBEAM   21      1       1121.95 5474489.4.1303+7        1.5507+7
                  106-        PBEAM   22      1       1053.6054289549.3.4439+7        1.2394+7
                  107-        PBEAM   23      1       986.59583313860.2.8472+7        9798458.
                  108-        PBEAM   24      1       920.85152519175.2.3316+7        7654888.
                  109-        RBE2    51      8       123456  100
                  110-        RBE2    52      8       123456  101
                  111-        SPC1    50      123456  1
                              ENDDATA
                        TOTAL COUNT= 112
                              INPUT BULK DATA ENTRY COUNT = 117
1                                                                               MAY  15, 2022  MSC Nastran  3/11/18   PAGE     8
                                                                                                                                    
0                                                                                                                                   
                                        M O D E L   S U M M A R Y          BULK = 0
                                   ENTRY NAME        NUMBER OF ENTRIES
                                   ----------        -----------------
                                        CBEAM                       24
                                        CONM2                       27
                                        EIGRL                        1
                                         GRID                       27
                                         MAT1                        1
                                        PARAM                        4
                                        PBEAM                       24
                                         RBE2                        2
                                         SPC1                        1

 ^^^     
 ^^^ >>> IFP OPERATIONS COMPLETE <<< 
 ^^^     
 *** USER INFORMATION MESSAGE 4109 (OUTPX2)
     THE LABEL IS XXXXXXXX FOR FORTRAN UNIT 12
     (MAXIMUM SIZE OF FORTRAN RECORDS WRITTEN =          7 WORDS.)
           (NUMBER OF FORTRAN RECORDS WRITTEN =          8 RECORDS.)
                (TOTAL DATA WRITTEN FOR LABEL =         17 WORDS.)
 *** USER INFORMATION MESSAGE 4114 (OUTPX2)
     DATA BLOCK GEOM1X   WRITTEN ON FORTRAN UNIT  12 IN BINARY (LTLEND) FORMAT USING NDDL DESCRIPTION FOR GEOM168, TRL =
                    101                 0                 0                 8                 0                 0                 0
     NAME OF DATA BLOCK WRITTEN ON FORTRAN UNIT IS GEOM1   
        (MAXIMUM POSSIBLE FORTRAN RECORD SIZE =       16386 WORDS.)
     (MAXIMUM SIZE OF FORTRAN RECORDS WRITTEN =         219 WORDS.)
           (NUMBER OF FORTRAN RECORDS WRITTEN =          20 RECORDS.)
           (TOTAL DATA WRITTEN FOR DATA BLOCK =         250 WORDS.)
 *** USER INFORMATION MESSAGE 4114 (OUTPX2)
     DATA BLOCK GEOM2X   WRITTEN ON FORTRAN UNIT  12 IN BINARY (LTLEND) FORMAT USING NDDL DESCRIPTION FOR GEOM201, TRL =
                    102                 2                 0                 0              1024                 0                 0
     NAME OF DATA BLOCK WRITTEN ON FORTRAN UNIT IS GEOM2   
        (MAXIMUM POSSIBLE FORTRAN RECORD SIZE =       16386 WORDS.)
     (MAXIMUM SIZE OF FORTRAN RECORDS WRITTEN =         435 WORDS.)
           (NUMBER OF FORTRAN RECORDS WRITTEN =          25 RECORDS.)
           (TOTAL DATA WRITTEN FOR DATA BLOCK =         824 WORDS.)
 *** USER INFORMATION MESSAGE 4114 (OUTPX2)
     DATA BLOCK GEOM4X   WRITTEN ON FORTRAN UNIT  12 IN BINARY (LTLEND) FORMAT USING NDDL DESCRIPTION FOR GEOM4705, TRL =
                    104                 0                 0                 0                64              2048                 0
     NAME OF DATA BLOCK WRITTEN ON FORTRAN UNIT IS GEOM4   
        (MAXIMUM POSSIBLE FORTRAN RECORD SIZE =       16386 WORDS.)
     (MAXIMUM SIZE OF FORTRAN RECORDS WRITTEN =          13 WORDS.)
           (NUMBER OF FORTRAN RECORDS WRITTEN =          25 RECORDS.)
           (TOTAL DATA WRITTEN FOR DATA BLOCK =          56 WORDS.)
1                                                                               MAY  15, 2022  MSC Nastran  3/11/18   PAGE     9
                                                                                                                                    
0                                                                                                                                   
0                                                                                                                                   
                                                                                                                                    
                                                                                                                                    
 *** USER INFORMATION MESSAGE 4114 (OUTPX2)
     DATA BLOCK EPTX     WRITTEN ON FORTRAN UNIT  12 IN BINARY (LTLEND) FORMAT USING NDDL DESCRIPTION FOR EPT01, TRL =
                    105                 0                 0                 0              1024                 0                 0
     NAME OF DATA BLOCK WRITTEN ON FORTRAN UNIT IS EPT     
        (MAXIMUM POSSIBLE FORTRAN RECORD SIZE =       16386 WORDS.)
     (MAXIMUM SIZE OF FORTRAN RECORDS WRITTEN =        4731 WORDS.)
           (NUMBER OF FORTRAN RECORDS WRITTEN =          20 RECORDS.)
           (TOTAL DATA WRITTEN FOR DATA BLOCK =        4762 WORDS.)
 *** USER INFORMATION MESSAGE 4114 (OUTPX2)
     DATA BLOCK MPTS     WRITTEN ON FORTRAN UNIT  12 IN BINARY (LTLEND) FORMAT USING NDDL DESCRIPTION FOR MPT, TRL =
                    101             32768                 0                 0                 0                 0                 0
     NAME OF DATA BLOCK WRITTEN ON FORTRAN UNIT IS MPT     
        (MAXIMUM POSSIBLE FORTRAN RECORD SIZE =       16386 WORDS.)
     (MAXIMUM SIZE OF FORTRAN RECORDS WRITTEN =          15 WORDS.)
           (NUMBER OF FORTRAN RECORDS WRITTEN =          20 RECORDS.)
           (TOTAL DATA WRITTEN FOR DATA BLOCK =          46 WORDS.)
 *** USER INFORMATION MESSAGE 4114 (OUTPX2)
     DATA BLOCK DYNAMICS WRITTEN ON FORTRAN UNIT  12 IN BINARY (LTLEND) FORMAT USING NDDL DESCRIPTION FOR DYNAMICS, TRL =
                    103               256                 0                 0                 0                 0                 0
     NAME OF DATA BLOCK WRITTEN ON FORTRAN UNIT IS DYNAMICS
        (MAXIMUM POSSIBLE FORTRAN RECORD SIZE =       16386 WORDS.)
     (MAXIMUM SIZE OF FORTRAN RECORDS WRITTEN =          30 WORDS.)
           (NUMBER OF FORTRAN RECORDS WRITTEN =          20 RECORDS.)
           (TOTAL DATA WRITTEN FOR DATA BLOCK =          61 WORDS.)
1                                                                               MAY  15, 2022  MSC Nastran  3/11/18   PAGE    10
                                                                                                                                    
0                                                                                                                                   
 *** USER INFORMATION MESSAGE 7310 (VECPRN)
     ORIGIN OF SUPERELEMENT OR MODULE BASIC COORDINATE SYSTEM WILL BE USED AS REFERENCE LOCATION.
     RESULTANTS ABOUT ORIGIN OF SUPERELEMENT OR MODULE BASIC COORDINATE SYSTEM IN SUPERELEMENT OR MODULE
     BASIC SYSTEM COORDINATES.
0                                                  OLOAD    RESULTANT       
  SUBCASE/    LOAD
  DAREA ID    TYPE       T1            T2            T3            R1            R2            R3
0        1     FX    0.000000E+00     ----          ----          ----       0.000000E+00  0.000000E+00                             
               FY       ----       0.000000E+00     ----       0.000000E+00     ----       0.000000E+00                             
               FZ       ----          ----       0.000000E+00  0.000000E+00  0.000000E+00     ----                                  
               MX       ----          ----          ----       0.000000E+00     ----          ----                                  
               MY       ----          ----          ----          ----       0.000000E+00     ----                                  
               MZ       ----          ----          ----          ----          ----       0.000000E+00                             
             TOTALS  0.000000E+00  0.000000E+00  0.000000E+00  0.000000E+00  0.000000E+00  0.000000E+00
 *** USER INFORMATION MESSAGE 5010 (LNCILS)
     STURM SEQUENCE DATA FOR EIGENVALUE EXTRACTION.
     TRIAL EIGENVALUE = 2.379536D+03, CYCLES = 7.763656D+00 THE STURM COUNT = 1
 *** USER INFORMATION MESSAGE 5010 (LNCILS)
     STURM SEQUENCE DATA FOR EIGENVALUE EXTRACTION.
     TRIAL EIGENVALUE = 7.210876D+05, CYCLES = 1.351494D+02 THE STURM COUNT = 11

 TABLE OF SHIFTS:  (LNNRIGL)
 SHIFT #        SHIFT VALUE         FREQUENCY, CYCLES     # EIGENVALUES BELOW    # NEW EIGENVALUES FOUND
     1.        2.3795359E+03          7.7636557E+00                 1                       10
     2.        7.2108764E+05          1.3514941E+02                11                        1

1                                                                               MAY  15, 2022  MSC Nastran  3/11/18   PAGE    11
                                                                                                                                    
0                                                                                                            SUBCASE 1              
0


                          E I G E N V A L U E  A N A L Y S I S   S U M M A R Y   (READ MODULE) 



                                     BLOCK SIZE USED ......................     7

                                     NUMBER OF DECOMPOSITIONS .............     2

                                     NUMBER OF ROOTS FOUND ................    10

                                     NUMBER OF SOLVES REQUIRED ............    10

1                                                                               MAY  15, 2022  MSC Nastran  3/11/18   PAGE    12
                                                                                                                                    
0                                                                                                            SUBCASE 1              
 
                                              R E A L   E I G E N V A L U E S
   MODE    EXTRACTION      EIGENVALUE            RADIANS             CYCLES            GENERALIZED         GENERALIZED
    NO.       ORDER                                                                       MASS              STIFFNESS
        1         1        1.109160E+03        3.330405E+01        5.300504E+00        1.000000E+00        1.109160E+03
        2         2        3.461204E+03        5.883200E+01        9.363404E+00        1.000000E+00        3.461204E+03
        3         3        5.699402E+03        7.549439E+01        1.201530E+01        1.000000E+00        5.699402E+03
        4         4        7.001555E+03        8.367530E+01        1.331734E+01        1.000000E+00        7.001555E+03
        5         5        3.218213E+04        1.793938E+02        2.855141E+01        1.000000E+00        3.218213E+04
        6         6        4.276178E+04        2.067892E+02        3.291152E+01        1.000000E+00        4.276178E+04
        7         7        5.494881E+04        2.344116E+02        3.730777E+01        1.000000E+00        5.494881E+04
        8         8        1.894173E+05        4.352210E+02        6.926757E+01        1.000000E+00        1.894173E+05
        9         9        2.395879E+05        4.894772E+02        7.790272E+01        1.000000E+00        2.395879E+05
       10        10        4.886512E+05        6.990359E+02        1.112550E+02        1.000000E+00        4.886512E+05
1                                                                               MAY  15, 2022  MSC Nastran  3/11/18   PAGE    13
                                                                                                                                    
0                                                                                                            SUBCASE 1              

                                       M O D A L   E F F E C T I V E   M A S S   S U M M A R Y



                                                    TOTAL EFFECTIVE MASS FRACTION
                                         REFERENCE POINT AT ORIGIN OF BASIC COORDINATE SYSTEM


                        T1                T2                T3                R1                R2                R3
                   9.374865E-01      8.244587E-01      9.176236E-01      9.966840E-01      8.119162E-01      9.727783E-01




                                                        EFFECTIVE MASS MATRIX   
                       ***                                                                                  ***
                       *   7.291380E-01 -5.259940E-03 -2.155610E-11 -2.623293E-08  2.937625E-08 -2.223736E+03 *
                       *  -5.259940E-03  6.412297E-01 -1.171106E-10 -9.857647E-08  1.491872E-07  2.358785E+02 *
                       *  -2.155610E-11 -1.171106E-10  7.136895E-01  2.202853E+03 -3.254638E+02 -1.394144E-07 *
                       *  -2.623293E-08 -9.857647E-08  2.202853E+03  7.938015E+06 -1.231633E+06 -1.136290E-04 *
                       *   2.937625E-08  1.491872E-07 -3.254638E+02 -1.231633E+06  4.710330E+05  1.767283E-04 *
                       *  -2.223736E+03  2.358785E+02 -1.394144E-07 -1.136290E-04  1.767283E-04  8.311976E+06 *
                       ***                                                                                  ***

                                                     A-SET RIGID BODY MASS MATRIX
                       ***                                                                                  ***
                       *   7.777584E-01  2.808345E-27  0.000000E+00  0.000000E+00  0.000000E+00 -2.240630E+03 *
                       *   2.808345E-27  7.777584E-01  0.000000E+00  0.000000E+00  0.000000E+00  4.090701E+02 *
                       *   0.000000E+00  0.000000E+00  7.777584E-01  2.240630E+03 -4.090701E+02  0.000000E+00 *
                       *   0.000000E+00  0.000000E+00  2.240630E+03  7.964425E+06 -1.281105E+06  0.000000E+00 *
                       *   0.000000E+00  0.000000E+00 -4.090701E+02 -1.281105E+06  5.801497E+05  0.000000E+00 *
                       *  -2.240630E+03  4.090701E+02  0.000000E+00  0.000000E+00  0.000000E+00  8.544575E+06 *
                       ***                                                                                  ***

1                                                                               MAY  15, 2022  MSC Nastran  3/11/18   PAGE    14
                                                                                                                                    
0                                                                                                            SUBCASE 1              

                                                    MODAL EFFECTIVE MASS FRACTION
                                                (FOR TRANSLATIONAL DEGREES OF FREEDOM)

    MODE    FREQUENCY                      T1                                  T2                                  T3
     NO.                        FRACTION            SUM             FRACTION            SUM             FRACTION            SUM

       1    5.300504E+00      3.519079E-01      3.519079E-01      5.594709E-02      5.594709E-02      6.431724E-30      6.431724E-30
       2    9.363404E+00      7.710045E-33      3.519079E-01      7.467911E-31      5.594709E-02      7.361560E-01      7.361560E-01
       3    1.201530E+01      2.428500E-01      5.947579E-01      9.967616E-02      1.556233E-01      3.603642E-30      7.361560E-01
       4    1.331734E+01      1.681693E-29      5.947579E-01      1.463317E-29      1.556233E-01      2.612246E-02      7.622784E-01
       5    2.855141E+01      2.806632E-01      8.754211E-01      1.335708E-01      2.891940E-01      6.475367E-29      7.622784E-01
       6    3.291152E+01      6.100907E-02      9.364302E-01      2.605309E-01      5.497250E-01      8.431158E-29      7.622784E-01
       7    3.730777E+01      7.016914E-29      9.364302E-01      1.281129E-30      5.497250E-01      9.907705E-02      8.613555E-01
       8    6.926757E+01      1.105159E-04      9.365407E-01      2.523636E-02      5.749613E-01      9.318875E-23      8.613555E-01
       9    7.790272E+01      5.709781E-21      9.365407E-01      1.281227E-21      5.749613E-01      5.626810E-02      9.176236E-01
      10    1.112550E+02      9.458652E-04      9.374865E-01      2.494974E-01      8.244587E-01      1.033740E-19      9.176236E-01

1                                                                               MAY  15, 2022  MSC Nastran  3/11/18   PAGE    15
                                                                                                                                    
0                                                                                                            SUBCASE 1              

                                                    MODAL EFFECTIVE MASS FRACTION
                                                 (FOR ROTATIONAL DEGREES OF FREEDOM)

    MODE    FREQUENCY                      R1                                  R2                                  R3
     NO.                        FRACTION            SUM             FRACTION            SUM             FRACTION            SUM

       1    5.300504E+00      5.840388E-30      5.840388E-30      1.736784E-31      1.736784E-31      6.644576E-01      6.644576E-01
       2    9.363404E+00      8.975343E-01      8.975343E-01      1.081912E-01      1.081912E-01      1.432986E-30      6.644576E-01
       3    1.201530E+01      1.945588E-29      8.975343E-01      1.679551E-29      1.081912E-01      7.399228E-02      7.384499E-01
       4    1.331734E+01      3.042606E-02      9.279603E-01      2.100462E-01      3.182374E-01      5.677234E-30      7.384499E-01
       5    2.855141E+01      2.786642E-29      9.279603E-01      2.293692E-28      3.182374E-01      1.195514E-01      8.580013E-01
       6    3.291152E+01      5.360878E-29      9.279603E-01      3.835712E-28      3.182374E-01      7.625103E-02      9.342523E-01
       7    3.730777E+01      5.787793E-02      9.858382E-01      3.442620E-01      6.624995E-01      2.743217E-30      9.342523E-01
       8    6.926757E+01      1.744988E-25      9.858382E-01      2.071232E-22      6.624995E-01      3.283470E-03      9.375358E-01
       9    7.790272E+01      1.084578E-02      9.966840E-01      1.494167E-01      8.119162E-01      5.823617E-22      9.375358E-01
      10    1.112550E+02      7.549546E-21      9.966840E-01      2.274420E-19      8.119162E-01      3.524249E-02      9.727783E-01

1                                                                               MAY  15, 2022  MSC Nastran  3/11/18   PAGE    16
                                                                                                                                    
0                                                                                                            SUBCASE 1              

                                                     MODAL PARTICIPATION FACTORS

    MODE     FREQUENCY               T1                T2                T3                R1                R2                R3
     NO.

       1    5.300504E+00      5.231628E-01      2.085985E-01      2.236588E-15      6.820215E-12     -3.174263E-13     -2.382752E+03
       2    9.363404E+00      7.743741E-17      7.621175E-16      7.566713E-01      2.673639E+03     -2.505336E+02      3.499179E-12
       3    1.201530E+01      4.346017E-01      2.784313E-01     -1.674145E-15     -1.244809E-11      3.121523E-12     -7.951305E+02
       4    1.331734E+01      3.616560E-15      3.373584E-15     -1.425376E-01      4.922663E+02     -3.490820E+02     -6.964880E-12
       5    2.855141E+01     -4.672132E-01      3.223132E-01      7.096669E-15      1.489765E-11     -1.153553E-11      1.010701E+03
       6    3.291152E+01     -2.178309E-01      4.501445E-01     -8.097780E-15     -2.066308E-11      1.491740E-11      8.071757E+02
       7    3.730777E+01      7.387465E-15     -9.982027E-16     -2.775932E-01     -6.789436E+02      4.469044E+02     -4.841448E-12
       8    6.926757E+01      9.271173E-03      1.400992E-01      8.513421E-12      1.178890E-09     -1.096186E-08      1.674988E+02
       9    7.790272E+01     -6.663956E-11      3.156715E-11      2.091960E-01      2.939054E+02     -2.944216E+02      7.054100E-08
      10    1.112550E+02     -2.712295E-02     -4.405096E-01      2.835489E-10      2.452097E-07     -3.632498E-07     -5.487550E+02

                  TOTAL       2.548685E-01      9.590771E-01      5.457366E-01      2.780867E+03     -4.471328E+02     -1.741263E+03


1                                                                               MAY  15, 2022  MSC Nastran  3/11/18   PAGE    17
                                                                                                                                    
0                                                                                                            SUBCASE 1              

                                                         MODAL EFFECTIVE MASS   

    MODE     FREQUENCY               T1                T2                T3                R1                R2                R3
     NO.

       1    5.300504E+00      2.736993E-01      4.351332E-02      5.002328E-30      4.651533E-23      1.007595E-25      5.677508E+06
       2    9.363404E+00      5.996552E-33      5.808231E-31      5.725515E-01      7.148344E+06      6.276710E+04      1.224425E-23
       3    1.201530E+01      1.888786E-01      7.752397E-02      2.802763E-30      1.549549E-22      9.743909E-24      6.322326E+05
       4    1.331734E+01      1.307951E-29      1.138107E-29      2.031696E-02      2.423261E+05      1.218582E+05      4.850955E-23
       5    2.855141E+01      2.182882E-01      1.038858E-01      5.036271E-29      2.219400E-22      1.330685E-22      1.021516E+06
       6    3.291152E+01      4.745031E-02      2.026301E-01      6.557404E-29      4.269631E-22      2.225287E-22      6.515327E+05
       7    3.730777E+01      5.457464E-29      9.964086E-31      7.705801E-02      4.609644E+05      1.997235E+05      2.343962E-23
       8    6.926757E+01      8.595464E-05      1.962779E-02      7.247833E-23      1.389782E-18      1.201625E-16      2.805586E+04
       9    7.790272E+01      4.440830E-21      9.964852E-22      4.376299E-02      8.638037E+04      8.668407E+04      4.976033E-15
      10    1.112550E+02      7.356546E-04      1.940487E-01      8.039999E-20      6.012779E-14      1.319504E-13      3.011321E+05

                  TOTAL       7.291380E-01      6.412297E-01      7.136895E-01      7.938015E+06      4.710330E+05      8.311976E+06


1                                                                               MAY  15, 2022  MSC Nastran  3/11/18   PAGE    18
                                                                                                                                    
0                                                                                                            SUBCASE 1              

                                                        MODAL EFFECTIVE WEIGHT  

    MODE     FREQUENCY               T1                T2                T3                R1                R2                R3
     NO.

       1    5.300504E+00      2.736993E-01      4.351332E-02      5.002328E-30      4.651533E-23      1.007595E-25      5.677508E+06
       2    9.363404E+00      5.996552E-33      5.808231E-31      5.725515E-01      7.148344E+06      6.276710E+04      1.224425E-23
       3    1.201530E+01      1.888786E-01      7.752397E-02      2.802763E-30      1.549549E-22      9.743909E-24      6.322326E+05
       4    1.331734E+01      1.307951E-29      1.138107E-29      2.031696E-02      2.423261E+05      1.218582E+05      4.850955E-23
       5    2.855141E+01      2.182882E-01      1.038858E-01      5.036271E-29      2.219400E-22      1.330685E-22      1.021516E+06
       6    3.291152E+01      4.745031E-02      2.026301E-01      6.557404E-29      4.269631E-22      2.225287E-22      6.515327E+05
       7    3.730777E+01      5.457464E-29      9.964086E-31      7.705801E-02      4.609644E+05      1.997235E+05      2.343962E-23
       8    6.926757E+01      8.595464E-05      1.962779E-02      7.247833E-23      1.389782E-18      1.201625E-16      2.805586E+04
       9    7.790272E+01      4.440830E-21      9.964852E-22      4.376299E-02      8.638037E+04      8.668407E+04      4.976033E-15
      10    1.112550E+02      7.356546E-04      1.940487E-01      8.039999E-20      6.012779E-14      1.319504E-13      3.011321E+05

                  TOTAL       7.291380E-01      6.412297E-01      7.136895E-01      7.938015E+06      4.710330E+05      8.311976E+06


1                                                                               MAY  15, 2022  MSC Nastran  3/11/18   PAGE    19
                                                                                                                                    
0                                                                                                            SUBCASE 1              
 *** USER INFORMATION MESSAGE 7310 (VECPRN)
     ORIGIN OF SUPERELEMENT OR MODULE BASIC COORDINATE SYSTEM WILL BE USED AS REFERENCE LOCATION.
     RESULTANTS ABOUT ORIGIN OF SUPERELEMENT OR MODULE BASIC COORDINATE SYSTEM IN SUPERELEMENT OR MODULE
     BASIC SYSTEM COORDINATES.
0                                                  SPCFORCE RESULTANT       
  SUBCASE/    LOAD
  DAREA ID    TYPE       T1            T2            T3            R1            R2            R3
0        1     FX   -5.802710E+02     ----          ----          ----       0.000000E+00  0.000000E+00                             
               FY       ----      -2.313690E+02     ----       0.000000E+00     ----      -3.005900E+05                             
               FZ       ----          ----       1.300063E-10  0.000000E+00 -1.689015E-07     ----                                  
               MX       ----          ----          ----      -1.158107E-08     ----          ----                                  
               MY       ----          ----          ----          ----      -1.095815E-08     ----                                  
               MZ       ----          ----          ----          ----          ----       2.943442E+06                             
             TOTALS -5.802710E+02 -2.313690E+02  1.300063E-10 -1.158107E-08 -1.798597E-07  2.642852E+06
0        2     FX   -3.537863E-13     ----          ----          ----       0.000000E+00  0.000000E+00                             
               FY       ----      -2.850038E-12     ----       0.000000E+00     ----      -3.702712E-09                             
               FZ       ----          ----      -2.618994E+03  0.000000E+00  3.402545E+06     ----                                  
               MX       ----          ----          ----      -9.254010E+06     ----          ----                                  
               MY       ----          ----          ----          ----      -2.535397E+06     ----                                  
               MZ       ----          ----          ----          ----          ----       8.454621E-09                             
             TOTALS -3.537863E-13 -2.850038E-12 -2.618994E+03 -9.254010E+06  8.671481E+05  4.751909E-09
0        3     FX   -2.476970E+03     ----          ----          ----       0.000000E+00  0.000000E+00                             
               FY       ----      -1.586892E+03     ----       0.000000E+00     ----      -2.061658E+06                             
               FZ       ----          ----       7.816814E-13  0.000000E+00 -1.015545E-09     ----                                  
               MX       ----          ----          ----       5.091363E-08     ----          ----                                  
               MY       ----          ----          ----          ----      -1.529971E-08     ----                                  
               MZ       ----          ----          ----          ----          ----       6.593427E+06                             
             TOTALS -2.476970E+03 -1.586892E+03  7.816814E-13  5.091363E-08 -1.631525E-08  4.531769E+06
0        4     FX   -1.312904E-11     ----          ----          ----       0.000000E+00  0.000000E+00                             
               FY       ----      -1.664230E-11     ----       0.000000E+00     ----      -2.162134E-08                             
               FZ       ----          ----       9.979847E+02  0.000000E+00 -1.296562E+06     ----                                  
               MX       ----          ----          ----      -3.446629E+06     ----          ----                                  
               MY       ----          ----          ----          ----       3.740679E+06     ----                                  
               MZ       ----          ----          ----          ----          ----       4.524735E-08                             
             TOTALS -1.312904E-11 -1.664230E-11  9.979847E+02 -3.446629E+06  2.444117E+06  2.362601E-08
0        5     FX    1.503592E+04     ----          ----          ----       0.000000E+00  0.000000E+00                             
               FY       ----      -1.037273E+04     ----       0.000000E+00     ----      -1.347604E+07                             
               FZ       ----          ----      -1.562016E-09  0.000000E+00  2.029340E-06     ----                                  
               MX       ----          ----          ----      -1.591333E-06     ----          ----                                  
               MY       ----          ----          ----          ----       1.505613E-07     ----                                  
               MZ       ----          ----          ----          ----          ----      -1.905046E+07                             
             TOTALS  1.503592E+04 -1.037273E+04 -1.562016E-09 -1.591333E-06  2.179901E-06 -3.252650E+07
0        6     FX    9.314837E+03     ----          ----          ----       0.000000E+00  0.000000E+00                             
               FY       ----      -1.924898E+04     ----       0.000000E+00     ----      -2.500789E+07                             
               FZ       ----          ----       1.385814E-08  0.000000E+00 -1.800422E-05     ----                                  
               MX       ----          ----          ----       4.774105E-06     ----          ----                                  
               MY       ----          ----          ----          ----      -7.005573E-08     ----                                  
               MZ       ----          ----          ----          ----          ----      -9.508378E+06                             
             TOTALS  9.314837E+03 -1.924898E+04  1.385814E-08  4.774105E-06 -1.807427E-05 -3.451627E+07
0        7     FX    4.467932E-08     ----          ----          ----       0.000000E+00  0.000000E+00                             
               FY       ----       7.886391E-08     ----       0.000000E+00     ----       1.024584E-04                             
               FZ       ----          ----       1.525342E+04  0.000000E+00 -1.981694E+07     ----                                  
               MX       ----          ----          ----       3.730714E+07     ----          ----                                  
               MY       ----          ----          ----          ----      -4.739928E+06     ----                                  
               MZ       ----          ----          ----          ----          ----       1.003964E-05                             
             TOTALS  4.467932E-08  7.886391E-08  1.525342E+04  3.730714E+07 -2.455686E+07  1.124981E-04
0        8     FX   -1.756121E+03     ----          ----          ----       0.000000E+00  0.000000E+00                             
               FY       ----      -2.653722E+04     ----       0.000000E+00     ----      -3.447662E+07                             
               FZ       ----          ----      -2.082252E-04  0.000000E+00  2.705220E-01     ----                                  
               MX       ----          ----          ----      -5.687996E-02     ----          ----                                  
               MY       ----          ----          ----          ----      -1.361111E-03     ----                                  
               MZ       ----          ----          ----          ----          ----       2.749446E+06                             
             TOTALS -1.756121E+03 -2.653722E+04 -2.082252E-04 -5.687996E-02  2.691609E-01 -3.172718E+07
0        9     FX   -1.707152E-04     ----          ----          ----       0.000000E+00  0.000000E+00                             
               FY       ----       3.737691E-04     ----       0.000000E+00     ----       4.855933E-01                             
               FZ       ----          ----      -5.012085E+04  0.000000E+00  6.511600E+07     ----                                  
               MX       ----          ----          ----      -7.041618E+07     ----          ----                                  
               MY       ----          ----          ----          ----       5.423857E+06     ----                                  
               MZ       ----          ----          ----          ----          ----      -1.000847E-01                             
             TOTALS -1.707152E-04  3.737691E-04 -5.012085E+04 -7.041618E+07  7.053986E+07  3.855085E-01
0       10     FX    1.325364E+04     ----          ----          ----       0.000000E+00  0.000000E+00                             
               FY       ----       2.152555E+05     ----       0.000000E+00     ----       2.796557E+08                             
               FZ       ----          ----       6.036291E-03  0.000000E+00 -7.842228E+00     ----                                  
               MX       ----          ----          ----       1.632295E-01     ----          ----                                  
               MY       ----          ----          ----          ----      -3.231332E-02     ----                                  
               MZ       ----          ----          ----          ----          ----      -1.150588E+07                             
             TOTALS  1.325364E+04  2.152555E+05  6.036291E-03  1.632295E-01 -7.874541E+00  2.681498E+08
1                                                                               MAY  15, 2022  MSC Nastran  3/11/18   PAGE    20
                                                                                                                                    
0                                                                                                            SUBCASE 1              
0                                                  MAXIMUM  SPCFORCES       
  SUBCASE/
  DAREA ID        T1             T2             T3             R1             R2             R3
0        1   5.8027102E+02  2.3136899E+02  1.3000626E-10  1.1581073E-08  1.0958154E-08  2.9434423E+06
0        2   3.5378626E-13  2.8500379E-12  2.6189941E+03  9.2540100E+06  2.5353967E+06  8.4546208E-09
0        3   2.4769698E+03  1.5868918E+03  7.8168144E-13  5.0913627E-08  1.5299706E-08  6.5934269E+06
0        4   1.3129036E-11  1.6642299E-11  9.9798471E+02  3.4466295E+06  3.7406787E+06  4.5247353E-08
0        5   1.5035918E+04  1.0372727E+04  1.5620159E-09  1.5913330E-06  1.5056133E-07  1.9050460E+07
0        6   9.3148375E+03  1.9248980E+04  1.3858139E-08  4.7741048E-06  7.0055734E-08  9.5083780E+06
0        7   4.4679317E-08  7.8863913E-08  1.5253418E+04  3.7307143E+07  4.7399280E+06  1.0039641E-05
0        8   1.7561205E+03  2.6537217E+04  2.0822518E-04  5.6879964E-02  1.3611107E-03  2.7494456E+06
0        9   1.7071515E-04  3.7376906E-04  5.0120848E+04  7.0416180E+07  5.4238566E+06  1.0008474E-01
0       10   1.3253638E+04  2.1525554E+05  6.0362906E-03  1.6322945E-01  3.2313322E-02  1.1505883E+07
1                                                                               MAY  15, 2022  MSC Nastran  3/11/18   PAGE    21
                                                                                                                                    
0                                                                                                            SUBCASE 1              
0                                                  MAXIMUM  DISPLACEMENTS   
  SUBCASE/
  DAREA ID        T1             T2             T3             R1             R2             R3
0        1   5.3599575E+00  5.2041435E-01  5.2386875E-15  3.6347432E-18  2.5862835E-18  1.2677565E-03
0        2   3.2474523E-14  2.0876655E-15  3.3405998E+00  6.1545516E-04  5.9583928E-04  1.1254636E-17
0        3   6.0144957E+00  7.3637290E-01  4.2888297E-14  9.7864516E-18  3.4527657E-18  3.0168163E-03
0        4   2.7576036E-14  8.8219587E-15  4.8693997E+00  1.2145082E-03  8.4902178E-04  3.9013404E-17
0        5   4.6169127E+00  7.8399321E-01  7.0867573E-14  1.4033942E-16  4.1579213E-17  4.5731498E-03
0        6   6.0261319E+00  1.1166469E+00  4.1792945E-13  8.2926228E-16  5.9748779E-17  6.6345747E-03
0        7   1.3935934E-12  1.0114390E-12  5.9804192E+00  3.5143176E-03  1.2764341E-03  3.6939690E-15
0        8   7.8199241E+00  3.6709050E-01  3.4127613E-09  7.9353174E-12  3.1025580E-13  1.3875127E-02
0        9   9.6116404E-09  1.0621667E-08  6.1570724E+00  5.9872369E-03  1.3972010E-03  2.6654816E-11
0       10   2.0787873E+00  3.8586521E+00  1.6687278E-07  2.8135705E-10  1.0873707E-11  5.4602592E-03
 *** USER INFORMATION MESSAGE 4114 (OUTPX2)
     DATA BLOCK OQG1     WRITTEN ON FORTRAN UNIT  12 IN BINARY (LTLEND) FORMAT USING NDDL DESCRIPTION FOR OQG1, TRL =
                    101                 0              2160                 0                 0                 0                 1
     NAME OF DATA BLOCK WRITTEN ON FORTRAN UNIT IS OQG1    
        (MAXIMUM POSSIBLE FORTRAN RECORD SIZE =       16386 WORDS.)
     (MAXIMUM SIZE OF FORTRAN RECORDS WRITTEN =         216 WORDS.)
           (NUMBER OF FORTRAN RECORDS WRITTEN =         110 RECORDS.)
           (TOTAL DATA WRITTEN FOR DATA BLOCK =        3725 WORDS.)
 *** USER INFORMATION MESSAGE 4114 (OUTPX2)
     DATA BLOCK OUG1     WRITTEN ON FORTRAN UNIT  12 IN BINARY (LTLEND) FORMAT USING NDDL DESCRIPTION FOR OUG1, TRL =
                    101                 0              2160                 0                 0                 0                 4
     NAME OF DATA BLOCK WRITTEN ON FORTRAN UNIT IS OUG1    
        (MAXIMUM POSSIBLE FORTRAN RECORD SIZE =       16386 WORDS.)
     (MAXIMUM SIZE OF FORTRAN RECORDS WRITTEN =         216 WORDS.)
           (NUMBER OF FORTRAN RECORDS WRITTEN =         110 RECORDS.)
           (TOTAL DATA WRITTEN FOR DATA BLOCK =        3725 WORDS.)
1                                                                               MAY  15, 2022  MSC Nastran  3/11/18   PAGE    22
      DEFAULT                                                                                                                       
0                                                                                                            SUBCASE 1              
      EIGENVALUE =  1.109160E+03
                               F O R C E S   O F   S I N G L E - P O I N T   C O N S T R A I N T
 
      POINT ID.   TYPE          T1             T2             T3             R1             R2             R3
             1      G     -5.802710E+02  -2.313690E+02   1.300063E-10  -1.158107E-08  -1.095815E-08   2.943442E+06
1                                                                               MAY  15, 2022  MSC Nastran  3/11/18   PAGE    23
      DEFAULT                                                                                                                       
0                                                                                                            SUBCASE 1              
      EIGENVALUE =  3.461204E+03
                               F O R C E S   O F   S I N G L E - P O I N T   C O N S T R A I N T
 
      POINT ID.   TYPE          T1             T2             T3             R1             R2             R3
             1      G     -3.537863E-13  -2.850038E-12  -2.618994E+03  -9.254010E+06  -2.535397E+06   8.454621E-09
1                                                                               MAY  15, 2022  MSC Nastran  3/11/18   PAGE    24
      DEFAULT                                                                                                                       
0                                                                                                            SUBCASE 1              
      EIGENVALUE =  5.699402E+03
                               F O R C E S   O F   S I N G L E - P O I N T   C O N S T R A I N T
 
      POINT ID.   TYPE          T1             T2             T3             R1             R2             R3
             1      G     -2.476970E+03  -1.586892E+03   7.816814E-13   5.091363E-08  -1.529971E-08   6.593427E+06
1                                                                               MAY  15, 2022  MSC Nastran  3/11/18   PAGE    25
      DEFAULT                                                                                                                       
0                                                                                                            SUBCASE 1              
      EIGENVALUE =  7.001555E+03
                               F O R C E S   O F   S I N G L E - P O I N T   C O N S T R A I N T
 
      POINT ID.   TYPE          T1             T2             T3             R1             R2             R3
             1      G     -1.312904E-11  -1.664230E-11   9.979847E+02  -3.446629E+06   3.740679E+06   4.524735E-08
1                                                                               MAY  15, 2022  MSC Nastran  3/11/18   PAGE    26
      DEFAULT                                                                                                                       
0                                                                                                            SUBCASE 1              
      EIGENVALUE =  3.218213E+04
                               F O R C E S   O F   S I N G L E - P O I N T   C O N S T R A I N T
 
      POINT ID.   TYPE          T1             T2             T3             R1             R2             R3
             1      G      1.503592E+04  -1.037273E+04  -1.562016E-09  -1.591333E-06   1.505613E-07  -1.905046E+07
1                                                                               MAY  15, 2022  MSC Nastran  3/11/18   PAGE    27
      DEFAULT                                                                                                                       
0                                                                                                            SUBCASE 1              
      EIGENVALUE =  4.276178E+04
                               F O R C E S   O F   S I N G L E - P O I N T   C O N S T R A I N T
 
      POINT ID.   TYPE          T1             T2             T3             R1             R2             R3
             1      G      9.314837E+03  -1.924898E+04   1.385814E-08   4.774105E-06  -7.005573E-08  -9.508378E+06
1                                                                               MAY  15, 2022  MSC Nastran  3/11/18   PAGE    28
      DEFAULT                                                                                                                       
0                                                                                                            SUBCASE 1              
      EIGENVALUE =  5.494881E+04
                               F O R C E S   O F   S I N G L E - P O I N T   C O N S T R A I N T
 
      POINT ID.   TYPE          T1             T2             T3             R1             R2             R3
             1      G      4.467932E-08   7.886391E-08   1.525342E+04   3.730714E+07  -4.739928E+06   1.003964E-05
1                                                                               MAY  15, 2022  MSC Nastran  3/11/18   PAGE    29
      DEFAULT                                                                                                                       
0                                                                                                            SUBCASE 1              
      EIGENVALUE =  1.894173E+05
                               F O R C E S   O F   S I N G L E - P O I N T   C O N S T R A I N T
 
      POINT ID.   TYPE          T1             T2             T3             R1             R2             R3
             1      G     -1.756121E+03  -2.653722E+04  -2.082252E-04  -5.687996E-02  -1.361111E-03   2.749446E+06
1                                                                               MAY  15, 2022  MSC Nastran  3/11/18   PAGE    30
      DEFAULT                                                                                                                       
0                                                                                                            SUBCASE 1              
      EIGENVALUE =  2.395879E+05
                               F O R C E S   O F   S I N G L E - P O I N T   C O N S T R A I N T
 
      POINT ID.   TYPE          T1             T2             T3             R1             R2             R3
             1      G     -1.707152E-04   3.737691E-04  -5.012085E+04  -7.041618E+07   5.423857E+06  -1.000847E-01
1                                                                               MAY  15, 2022  MSC Nastran  3/11/18   PAGE    31
      DEFAULT                                                                                                                       
0                                                                                                            SUBCASE 1              
      EIGENVALUE =  4.886512E+05
                               F O R C E S   O F   S I N G L E - P O I N T   C O N S T R A I N T
 
      POINT ID.   TYPE          T1             T2             T3             R1             R2             R3
             1      G      1.325364E+04   2.152555E+05   6.036291E-03   1.632295E-01  -3.231332E-02  -1.150588E+07
 *** USER INFORMATION MESSAGE 4110 (OUTPX2)
                                 END-OF-DATA SIMULATION ON FORTRAN UNIT 12
                                 (MAXIMUM SIZE OF FORTRAN RECORDS WRITTEN =      1 WORDS.)
                                       (NUMBER OF FORTRAN RECORDS WRITTEN =      1 RECORDS.)
                                       (TOTAL DATA WRITTEN FOR EOF MARKER =      1 WORDS.)
1                                                                               MAY  15, 2022  MSC Nastran  3/11/18   PAGE    32
                                                                                                                                    
0                                                                                                            SUBCASE 1              
 * * * *  D B D I C T   P R I N T  * * * *      SUBDMAP = PRTSUM  ,  DMAP STATEMENT NO.     71



0                                   * * * *  A N A L Y S I S  S U M M A R Y  T A B L E  * * * *
0 SEID  PEID PROJ VERS APRCH      SEMG SEMR SEKR SELG SELR MODES DYNRED SOLLIN PVALID SOLNL LOOPID DESIGN CYCLE SENSITIVITY
 --------------------------------------------------------------------------------------------------------------------------
     0     0    1    1 '        '    T    T    T    T    T     T      F      T      0     F     -1            0           F
0SEID = SUPERELEMENT ID.
 PEID = PRIMARY SUPERELEMENT ID OF IMAGE SUPERELEMENT.
 PROJ = PROJECT ID NUMBER.
 VERS = VERSION ID.
 APRCH = BLANK FOR STRUCTURAL ANALYSIS.  HEAT FOR HEAT TRANSFER ANALYSIS.
 SEMG = STIFFNESS AND MASS MATRIX GENERATION STEP.
 SEMR = MASS MATRIX REDUCTION STEP (INCLUDES EIGENVALUE SOLUTION FOR MODES).
 SEKR = STIFFNESS MATRIX REDUCTION STEP.
 SELG = LOAD MATRIX GENERATION STEP.
 SELR = LOAD MATRIX REDUCTION STEP. 
 MODES = T (TRUE) IF NORMAL MODES OR BUCKLING MODES CALCULATED.
 DYNRED = T (TRUE) MEANS GENERALIZED DYNAMIC AND/OR COMPONENT MODE REDUCTION PERFORMED.
 SOLLIN = T (TRUE) IF LINEAR SOLUTION EXISTS IN DATABASE.
 PVALID = P-DISTRIBUTION ID OF P-VALUE FOR P-ELEMENTS
 LOOPID = THE LAST LOOPID VALUE USED IN THE NONLINEAR ANALYSIS.  USEFUL FOR RESTARTS.
 SOLNL = T (TRUE) IF NONLINEAR SOLUTION EXISTS IN DATABASE.
 DESIGN CYCLE = THE LAST DESIGN CYCLE (ONLY VALID IN OPTIMIZATION).
 SENSITIVITY = SENSITIVITY MATRIX GENERATION FLAG.
 
 No PARAM values were set in the Control File.
 
1                                        * * * END OF JOB * * *
 
 
 No Symbolic Replacement variables or values were specified.

